2022-07-12 14:32:48.603  INFO 2769 --- [main] lavalink.server.Launcher                 : 

[32m       .  [31m _                  _ _       _    [32m__ _ _
[32m      /\\ [31m| | __ ___   ____ _| (_)_ __ | | __[32m\ \ \ \
[32m     ( ( )[31m| |/ _` \ \ / / _` | | | '_ \| |/ /[32m \ \ \ \
[32m      \\/ [31m| | (_| |\ V / (_| | | | | | |   < [32m  ) ) ) )
[32m       '  [31m|_|\__,_| \_/ \__,_|_|_|_| |_|_|\_\[32m / / / /
[0m    =========================================[32m/_/_/_/[0m

	Version:        3.4
	Build:          1257
	Build time:     26.10.2021 14:18:37 UTC
	Branch          master
	Commit:         a364833
	Commit time:    26.10.2021 14:15:20 UTC
	JVM:            18.0.1-ea
	Lavaplayer      1.3.96-original

2022-07-12 14:32:49.071  INFO 2769 --- [main] lavalink.server.Launcher                 : Starting Launcher on OliviaNoSoda with PID 2769 (/mnt/e/Major/COS/COS20007/Custom/StreamMusicBot/Lavalink.jar started by root in /mnt/e/Major/COS/COS20007/Custom/StreamMusicBot)
2022-07-12 14:32:49.072  INFO 2769 --- [main] lavalink.server.Launcher                 : No active profile set, falling back to default profiles: default
2022-07-12 14:32:49.805  WARN 2769 --- [background-preinit] o.s.h.c.j.Jackson2ObjectMapperBuilder    : For Jackson Kotlin classes support please add "com.fasterxml.jackson.module:jackson-module-kotlin" to the classpath
2022-07-12 14:32:51.797  WARN 2769 --- [main] io.undertow.websockets.jsr               : UT026010: Buffer pool was not set on WebSocketDeploymentInfo, the default pool will be used
2022-07-12 14:32:51.877  INFO 2769 --- [main] io.undertow.servlet                      : Initializing Spring embedded WebApplicationContext
2022-07-12 14:32:51.878  INFO 2769 --- [main] o.s.web.context.ContextLoader            : Root WebApplicationContext: initialization completed in 2629 ms
2022-07-12 14:32:53.251  WARN 2769 --- [main] l.server.config.SentryConfiguration      : Turning off sentry
2022-07-12 14:32:53.817  INFO 2769 --- [main] c.s.d.l.tools.GarbageCollectionMonitor   : GC monitoring enabled, reporting results every 2 minutes.
2022-07-12 14:32:54.298  INFO 2769 --- [main] lavalink.server.config.KoeConfiguration  : OS: Linux, Arch: amd64
2022-07-12 14:32:54.299  INFO 2769 --- [main] lavalink.server.config.KoeConfiguration  : Enabling JDA-NAS
2022-07-12 14:32:54.318  INFO 2769 --- [main] c.s.l.c.natives.NativeLibraryLoader      : Native library udpqueue: loading with filter null
2022-07-12 14:32:54.332  INFO 2769 --- [main] c.s.l.c.natives.NativeLibraryLoader      : Native library udpqueue: successfully loaded.
2022-07-12 14:32:54.743  INFO 2769 --- [main] o.s.s.concurrent.ThreadPoolTaskExecutor  : Initializing ExecutorService 'applicationTaskExecutor'
2022-07-12 14:32:55.379  INFO 2769 --- [main] org.xnio                                 : XNIO version 3.3.8.Final
2022-07-12 14:32:55.421  INFO 2769 --- [main] org.xnio.nio                             : XNIO NIO Implementation Version 3.3.8.Final
2022-07-12 14:32:55.569  INFO 2769 --- [main] o.s.b.w.e.u.UndertowServletWebServer     : Undertow started on port(s) 2333 (http) with context path ''
2022-07-12 14:32:55.577  INFO 2769 --- [main] lavalink.server.Launcher                 : Started Launcher in 8.507 seconds (JVM running for 9.521)
2022-07-12 14:32:55.582  INFO 2769 --- [main] lavalink.server.Launcher                 : You can safely ignore the big red warning about illegal reflection. See https://github.com/freyacodes/Lavalink/issues/295
2022-07-12 14:33:11.296  INFO 2769 --- [XNIO-1 task-1] io.undertow.servlet                      : Initializing Spring DispatcherServlet 'dispatcherServlet'
2022-07-12 14:33:11.297  INFO 2769 --- [XNIO-1 task-1] o.s.web.servlet.DispatcherServlet        : Initializing Servlet 'dispatcherServlet'
2022-07-12 14:33:11.313  INFO 2769 --- [XNIO-1 task-1] o.s.web.servlet.DispatcherServlet        : Completed initialization in 15 ms
2022-07-12 14:33:11.372  INFO 2769 --- [XNIO-1 task-1] l.server.io.HandshakeInterceptorImpl     : Incoming connection from /127.0.0.1:43162
2022-07-12 14:33:11.597  INFO 2769 --- [XNIO-1 task-1] lavalink.server.io.SocketServer          : Connection successfully established
2022-07-12 14:33:11.599  WARN 2769 --- [XNIO-1 task-1] lavalink.server.io.SocketServer          : Library developers: Please specify a 'Client-Name' header.
2022-07-12 14:33:43.973  INFO 2769 --- [XNIO-1 I/O-6] lavalink.server.io.SocketServer          : Connection closed from /127.0.0.1:43162 -- CloseStatus[code=1006, reason=]
2022-07-12 14:33:43.974  INFO 2769 --- [XNIO-1 I/O-6] lavalink.server.io.SocketContext         : Shutting down 0 playing players.
2022-07-12 14:34:00.369  INFO 2769 --- [XNIO-1 task-2] l.server.io.HandshakeInterceptorImpl     : Incoming connection from /127.0.0.1:43176
2022-07-12 14:34:00.374  INFO 2769 --- [XNIO-1 task-2] lavalink.server.io.SocketServer          : Connection successfully established
2022-07-12 14:34:00.375  WARN 2769 --- [XNIO-1 task-2] lavalink.server.io.SocketServer          : Library developers: Please specify a 'Client-Name' header.
2022-07-12 14:34:12.878  INFO 2769 --- [XNIO-1 I/O-4] lavalink.server.io.SocketServer          : Connection closed from /127.0.0.1:43176 -- CloseStatus[code=1006, reason=]
2022-07-12 14:34:12.879  INFO 2769 --- [XNIO-1 I/O-4] lavalink.server.io.SocketContext         : Shutting down 0 playing players.
2022-07-12 14:36:21.997  INFO 2769 --- [Thread-1] o.s.s.concurrent.ThreadPoolTaskExecutor  : Shutting down ExecutorService 'applicationTaskExecutor'
2022-07-12 14:36:22.000  INFO 2769 --- [Thread-1] c.s.d.l.tools.GarbageCollectionMonitor   : GC monitoring disabled.
2022-07-12 14:36:22.004  INFO 2769 --- [Thread-1] io.undertow.servlet                      : Destroying Spring FrameworkServlet 'dispatcherServlet'
